<html>
<head>
<title>TestNG:  Web Automation Tests</title>
<link href="../testng.css" rel="stylesheet" type="text/css" />
<link href="../my-testng.css" rel="stylesheet" type="text/css" />

<style type="text/css">
.log { display: none;} 
.stack-trace { display: none;} 
</style>
<script type="text/javascript">
<!--
function flip(e) {
  current = e.style.display;
  if (current == 'block') {
    e.style.display = 'none';
    return 0;
  }
  else {
    e.style.display = 'block';
    return 1;
  }
}

function toggleBox(szDivId, elem, msg1, msg2)
{
  var res = -1;  if (document.getElementById) {
    res = flip(document.getElementById(szDivId));
  }
  else if (document.all) {
    // this is the way old msie versions work
    res = flip(document.all[szDivId]);
  }
  if(elem) {
    if(res == 0) elem.innerHTML = msg1; else elem.innerHTML = msg2;
  }

}

function toggleAllBoxes() {
  if (document.getElementsByTagName) {
    d = document.getElementsByTagName('div');
    for (i = 0; i < d.length; i++) {
      if (d[i].className == 'log') {
        flip(d[i]);
      }
    }
  }
}

// -->
</script>

</head>
<body>
<h2 align='center'>Web Automation Tests</h2><table border='1' align="center">
<tr>
<td>Tests passed/Failed/Skipped:</td><td>1/2/0</td>
</tr><tr>
<td>Started on:</td><td>Tue Jan 03 13:41:40 IST 2017</td>
</tr>
<tr><td>Total time:</td><td>88 seconds (88952 ms)</td>
</tr><tr>
<td>Included groups:</td><td>Sanity Regression </td>
</tr><tr>
<td>Excluded groups:</td><td></td>
</tr>
</table><p/>
<small><i>(Hover the method name to see the test class name)</i></small><p/>
<table width='100%' border='1' class='invocation-failed'>
<tr><td colspan='4' align='center'><b>FAILED TESTS</b></td></tr>
<tr><td><b>Test method</b></td>
<td width="30%"><b>Exception</b></td>
<td width="10%"><b>Time (seconds)</b></td>
<td><b>Instance</b></td>
</tr>
<tr>
<td title='com.web.tests.WebTESTCASES.MySpaceTests.Login_Invalid()'><b>Login_Invalid</b><br>Test class: com.web.tests.WebTESTCASES.MySpaceTests<br>Parameters: com.web.tests.myspace.login.LoginDP@46b61c56<br/>
<a href="#Output-2119992687" onClick='toggleBox("Output-2119992687", this, "Show output", "Hide output");'>Show output</a>

<a href="#Output-2119992687" onClick="toggleAllBoxes();">Show all outputs</a>
<div class='log' id="Output-2119992687">
Visit MySpace Login URL<br/>
........Validate Login Header........<br/>
........Validate Login with Empty UserName and Password........<br/>
........Validate Login with Empty UserName and Any Password........<br/>
........Validate Login with Any UserName and Empty Password........<br/>
........Validate Login with Bad UserName and Bad Password........<br/>
</div>
</td>
<td><div><pre>java.lang.AssertionError: Validation failed expected [true] but found [false]
	at com.web.tests.myspace.login.Login.inValidCredentials(Login.java:61)
	at com.web.tests.WebTESTCASES.MySpaceTests.Login_Invalid(MySpaceTests.java:105)
... Removed 27 stack frames</pre></div><a href='#' onClick='toggleBox("stack-trace2119992687", this, "Click to show all stack frames", "Click to hide stack frames")'>Click to show all stack frames</a>
<div class='stack-trace' id='stack-trace2119992687'><pre>java.lang.AssertionError: Validation failed expected [true] but found [false]
	at org.testng.Assert.fail(Assert.java:94)
	at org.testng.Assert.failNotEquals(Assert.java:513)
	at org.testng.Assert.assertTrue(Assert.java:42)
	at com.web.tests.myspace.login.Login.inValidCredentials(Login.java:61)
	at com.web.tests.WebTESTCASES.MySpaceTests.Login_Invalid(MySpaceTests.java:105)
	at sun.reflect.NativeMethodAccessorImpl.invoke0(Native Method)
	at sun.reflect.NativeMethodAccessorImpl.invoke(Unknown Source)
	at sun.reflect.DelegatingMethodAccessorImpl.invoke(Unknown Source)
	at java.lang.reflect.Method.invoke(Unknown Source)
	at org.testng.internal.MethodInvocationHelper.invokeMethod(MethodInvocationHelper.java:86)
	at org.testng.internal.Invoker.invokeMethod(Invoker.java:643)
	at org.testng.internal.Invoker.invokeTestMethod(Invoker.java:820)
	at org.testng.internal.Invoker.invokeTestMethods(Invoker.java:1128)
	at org.testng.internal.TestMethodWorker.invokeTestMethods(TestMethodWorker.java:129)
	at org.testng.internal.TestMethodWorker.run(TestMethodWorker.java:112)
	at org.testng.TestRunner.privateRun(TestRunner.java:782)
	at org.testng.TestRunner.run(TestRunner.java:632)
	at org.testng.SuiteRunner.runTest(SuiteRunner.java:366)
	at org.testng.SuiteRunner.runSequentially(SuiteRunner.java:361)
	at org.testng.SuiteRunner.privateRun(SuiteRunner.java:319)
	at org.testng.SuiteRunner.run(SuiteRunner.java:268)
	at org.testng.SuiteRunnerWorker.runSuite(SuiteRunnerWorker.java:52)
	at org.testng.SuiteRunnerWorker.run(SuiteRunnerWorker.java:86)
	at org.testng.TestNG.runSuitesSequentially(TestNG.java:1244)
	at org.testng.TestNG.runSuitesLocally(TestNG.java:1169)
	at org.testng.TestNG.run(TestNG.java:1064)
	at org.testng.remote.AbstractRemoteTestNG.run(AbstractRemoteTestNG.java:132)
	at org.testng.remote.RemoteTestNG.initAndRun(RemoteTestNG.java:236)
	at org.testng.remote.RemoteTestNG.main(RemoteTestNG.java:81)
</pre></div></td>
<td>23</td>
<td>com.web.tests.WebTESTCASES.MySpaceTests@7a8c8dcf</td></tr>
<tr>
<td title='com.web.tests.WebTESTCASES.MySpaceTests.Login_Valid()'><b>Login_Valid</b><br>Test class: com.web.tests.WebTESTCASES.MySpaceTests<br>Parameters: com.web.tests.myspace.login.LoginDP@695a69a1<br/>
<a href="#Output-1260043537" onClick='toggleBox("Output-1260043537", this, "Show output", "Hide output");'>Show output</a>

<a href="#Output-1260043537" onClick="toggleAllBoxes();">Show all outputs</a>
<div class='log' id="Output-1260043537">
Visit MySpace Login URL<br/>
........Validate Login with Good UserName and Good Password........<br/>
........Validate Home Page after Login........<br/>
</div>
</td>
<td><div><pre>java.lang.AssertionError: Home page title not matched expected [true] but found [false]
	at com.web.tests.myspace.login.Login.validCredentials(Login.java:102)
	at com.web.tests.WebTESTCASES.MySpaceTests.Login_Valid(MySpaceTests.java:113)
... Removed 27 stack frames</pre></div><a href='#' onClick='toggleBox("stack-trace1260043537", this, "Click to show all stack frames", "Click to hide stack frames")'>Click to show all stack frames</a>
<div class='stack-trace' id='stack-trace1260043537'><pre>java.lang.AssertionError: Home page title not matched expected [true] but found [false]
	at org.testng.Assert.fail(Assert.java:94)
	at org.testng.Assert.failNotEquals(Assert.java:513)
	at org.testng.Assert.assertTrue(Assert.java:42)
	at com.web.tests.myspace.login.Login.validCredentials(Login.java:102)
	at com.web.tests.WebTESTCASES.MySpaceTests.Login_Valid(MySpaceTests.java:113)
	at sun.reflect.NativeMethodAccessorImpl.invoke0(Native Method)
	at sun.reflect.NativeMethodAccessorImpl.invoke(Unknown Source)
	at sun.reflect.DelegatingMethodAccessorImpl.invoke(Unknown Source)
	at java.lang.reflect.Method.invoke(Unknown Source)
	at org.testng.internal.MethodInvocationHelper.invokeMethod(MethodInvocationHelper.java:86)
	at org.testng.internal.Invoker.invokeMethod(Invoker.java:643)
	at org.testng.internal.Invoker.invokeTestMethod(Invoker.java:820)
	at org.testng.internal.Invoker.invokeTestMethods(Invoker.java:1128)
	at org.testng.internal.TestMethodWorker.invokeTestMethods(TestMethodWorker.java:129)
	at org.testng.internal.TestMethodWorker.run(TestMethodWorker.java:112)
	at org.testng.TestRunner.privateRun(TestRunner.java:782)
	at org.testng.TestRunner.run(TestRunner.java:632)
	at org.testng.SuiteRunner.runTest(SuiteRunner.java:366)
	at org.testng.SuiteRunner.runSequentially(SuiteRunner.java:361)
	at org.testng.SuiteRunner.privateRun(SuiteRunner.java:319)
	at org.testng.SuiteRunner.run(SuiteRunner.java:268)
	at org.testng.SuiteRunnerWorker.runSuite(SuiteRunnerWorker.java:52)
	at org.testng.SuiteRunnerWorker.run(SuiteRunnerWorker.java:86)
	at org.testng.TestNG.runSuitesSequentially(TestNG.java:1244)
	at org.testng.TestNG.runSuitesLocally(TestNG.java:1169)
	at org.testng.TestNG.run(TestNG.java:1064)
	at org.testng.remote.AbstractRemoteTestNG.run(AbstractRemoteTestNG.java:132)
	at org.testng.remote.RemoteTestNG.initAndRun(RemoteTestNG.java:236)
	at org.testng.remote.RemoteTestNG.main(RemoteTestNG.java:81)
</pre></div></td>
<td>23</td>
<td>com.web.tests.WebTESTCASES.MySpaceTests@7a8c8dcf</td></tr>
</table><p>
<table width='100%' border='1' class='invocation-passed'>
<tr><td colspan='4' align='center'><b>PASSED TESTS</b></td></tr>
<tr><td><b>Test method</b></td>
<td width="30%"><b>Exception</b></td>
<td width="10%"><b>Time (seconds)</b></td>
<td><b>Instance</b></td>
</tr>
<tr>
<td title='com.web.tests.WebTESTCASES.MySpaceTests.Profile_AddSkills()'><b>Profile_AddSkills</b><br>Test class: com.web.tests.WebTESTCASES.MySpaceTests<br>Parameters: com.web.tests.myspace.myprofile.SkillsDP@30404dba<br/>
<a href="#Output-1615873578" onClick='toggleBox("Output-1615873578", this, "Show output", "Hide output");'>Show output</a>

<a href="#Output-1615873578" onClick="toggleAllBoxes();">Show all outputs</a>
<div class='log' id="Output-1615873578">
Visit MySpace Login URL<br/>
........Validate Login with Good UserName and Good Password........<br/>
........Validate Home Page after Login........<br/>
</div>
</td>
<td></td>
<td>25</td>
<td>com.web.tests.WebTESTCASES.MySpaceTests@7a8c8dcf</td></tr>
</table><p>
</body>
</html>