<?xml version="1.0" encoding="UTF-8"?>
<!-- Generated by org.testng.reporters.JUnitXMLReporter -->
<testsuite hostname="IM-RT-LP-074" name="Web Automation Tests" tests="3" failures="2" timestamp="3 Jan 2017 08:13:09 GMT" time="88.952" errors="0">
  <testcase name="Login_Invalid" time="23.725" classname="com.web.tests.WebTESTCASES.MySpaceTests">
    <failure type="java.lang.AssertionError" message="Validation failed expected [true] but found [false]">
      <![CDATA[java.lang.AssertionError: Validation failed expected [true] but found [false]
	at com.web.tests.myspace.login.Login.inValidCredentials(Login.java:61)
	at com.web.tests.WebTESTCASES.MySpaceTests.Login_Invalid(MySpaceTests.java:105)
... Removed 27 stack frames]]>
    </failure>
  </testcase> <!-- Login_Invalid -->
  <testcase name="Login_Valid" time="23.721" classname="com.web.tests.WebTESTCASES.MySpaceTests">
    <failure type="java.lang.AssertionError" message="Home page title not matched expected [true] but found [false]">
      <![CDATA[java.lang.AssertionError: Home page title not matched expected [true] but found [false]
	at com.web.tests.myspace.login.Login.validCredentials(Login.java:102)
	at com.web.tests.WebTESTCASES.MySpaceTests.Login_Valid(MySpaceTests.java:113)
... Removed 27 stack frames]]>
    </failure>
  </testcase> <!-- Login_Valid -->
  <testcase name="Profile_AddSkills" time="25.949" classname="com.web.tests.WebTESTCASES.MySpaceTests"/>
</testsuite> <!-- Web Automation Tests -->
